
ERROR: 2021-07-07 10:20:48,121 Load data regex mismatch LINE: 117 MODULE: server_info
ERROR: 2021-07-07 10:21:21,038 Load data regex mismatch LINE: 117 MODULE: server_info
ERROR: 2021-07-07 10:43:33,586 Load data regex mismatch LINE: 117 MODULE: server_info
ERROR: 2021-07-07 10:43:45,233 Load data regex mismatch LINE: 117 MODULE: server_info
ERROR: 2021-07-07 10:44:16,463 Load data regex mismatch LINE: 117 MODULE: server_info
ERROR: 2021-07-07 10:48:16,955 Load data regex mismatch LINE: 117 MODULE: server_info
ERROR: 2021-07-07 10:48:43,595 Load data regex mismatch LINE: 117 MODULE: server_info
ERROR: 2021-07-07 10:57:38,111 Load data regex mismatch LINE: 117 MODULE: server_info
ERROR: 2021-07-07 10:58:59,682 Load data regex mismatch LINE: 117 MODULE: server_info
ERROR: 2021-07-07 10:59:50,109 Load data regex mismatch LINE: 117 MODULE: server_info
ERROR: 2021-07-07 11:00:28,536 Load data regex mismatch LINE: 117 MODULE: server_info
ERROR: 2021-07-07 11:18:35,279 Load data regex mismatch LINE: 117 MODULE: server_info
ERROR: 2021-07-07 11:18:56,648 Load data regex mismatch LINE: 117 MODULE: server_info
ERROR: 2021-07-07 11:38:25,260 Load data regex mismatch LINE: 117 MODULE: server_info
ERROR: 2021-07-07 11:41:33,820 Load data regex mismatch LINE: 117 MODULE: server_info
ERROR: 2021-07-07 11:42:35,582 Load data regex mismatch LINE: 117 MODULE: server_info
INFO: 2021-07-07 11:42:35,598 INSERT INTO environment (date, time, uptime_date, uptime_time, reboot_check, ambient_temperature, cpu_temperature, gpu_temperature, one_min_avg_load, five_min_avg_load, fifteen_min_avg_load, percent_memory_used, cpu_wait, cpu_idle, percent_of_swap_used, cpu_user_time, kernel_time, date_and_time) VALUES (?, ?, ?, ?, ?, ?, ?, ?, ?, ?, ?, ?, ?, ?, ?, ?, ?, ?) LINE: 110 MODULE: log
INFO: 2021-07-07 11:42:35,598 ('2021-06-08', '19:59:56', '2021-06-08', '19:58:56', 1, 99.0, 53.0, None, 0.2, 0.3, 0.3, 5, 0.1, 100.0, 20.0, 0.1, 0.1, '2021-06-08 19:59:56') LINE: 110 MODULE: log
INFO: 2021-07-07 11:42:35,606 COMMIT LINE: 110 MODULE: log
ERROR: 2021-07-07 11:43:28,067 Load data regex mismatch LINE: 117 MODULE: server_info
ERROR: 2021-07-07 11:47:01,535 Load data regex mismatch LINE: 117 MODULE: server_info
ERROR: 2021-07-07 11:47:15,160 Load data regex mismatch LINE: 117 MODULE: server_info
INFO: 2021-07-07 11:47:15,167 INSERT INTO environment (date, time, uptime_date, uptime_time, reboot_check, ambient_temperature, cpu_temperature, gpu_temperature, one_min_avg_load, five_min_avg_load, fifteen_min_avg_load, percent_memory_used, cpu_wait, cpu_idle, percent_of_swap_used, cpu_user_time, kernel_time, date_and_time) VALUES (?, ?, ?, ?, ?, ?, ?, ?, ?, ?, ?, ?, ?, ?, ?, ?, ?, ?) LINE: 110 MODULE: log
INFO: 2021-07-07 11:47:15,167 ('2021-06-08', '19:59:56', '2021-06-08', '19:58:56', 1, 99.0, 53.0, None, 0.2, 0.3, 0.3, 5, 0.1, 100.0, 20.0, 0.1, 0.1, '2021-06-08 19:59:56') LINE: 110 MODULE: log
INFO: 2021-07-07 11:47:15,168 COMMIT LINE: 110 MODULE: log
ERROR: 2021-07-07 12:27:59,190 Load data regex mismatch LINE: 117 MODULE: server_info
ERROR: 2021-07-07 12:28:16,139 Load data regex mismatch LINE: 117 MODULE: server_info
INFO: 2021-07-07 12:28:16,145 INSERT INTO environment (date, time, uptime_date, uptime_time, reboot_check, ambient_temperature, cpu_temperature, gpu_temperature, one_min_avg_load, five_min_avg_load, fifteen_min_avg_load, percent_memory_used, cpu_wait, cpu_idle, percent_of_swap_used, cpu_user_time, kernel_time, date_and_time) VALUES (?, ?, ?, ?, ?, ?, ?, ?, ?, ?, ?, ?, ?, ?, ?, ?, ?, ?) LINE: 110 MODULE: log
INFO: 2021-07-07 12:28:16,145 ('2021-06-08', '19:59:56', '2021-06-08', '19:58:56', 1, 99.0, 53.0, None, 0.2, 0.3, 0.3, 5, 0.1, 100.0, 20.0, 0.1, 0.1, '2021-06-08 19:59:56') LINE: 110 MODULE: log
INFO: 2021-07-07 12:28:16,148 COMMIT LINE: 110 MODULE: log
ERROR: 2021-07-07 12:40:37,949 Load data regex mismatch LINE: 117 MODULE: server_info
ERROR: 2021-07-07 12:40:46,268 Load data regex mismatch LINE: 117 MODULE: server_info
ERROR: 2021-07-07 12:41:10,098 Load data regex mismatch LINE: 117 MODULE: server_info
INFO: 2021-07-07 12:41:10,106 INSERT INTO environment (date, time, uptime_date, uptime_time, reboot_check, ambient_temperature, cpu_temperature, gpu_temperature, one_min_avg_load, five_min_avg_load, fifteen_min_avg_load, percent_memory_used, cpu_wait, cpu_idle, percent_of_swap_used, cpu_user_time, kernel_time, date_and_time) VALUES (?, ?, ?, ?, ?, ?, ?, ?, ?, ?, ?, ?, ?, ?, ?, ?, ?, ?) LINE: 110 MODULE: log
INFO: 2021-07-07 12:41:10,106 ('2021-06-08', '20:00:56', '2021-06-08', '19:58:56', 1, 99.0, 53.0, None, 0.2, 0.3, 0.3, 5, 0.1, 100.0, 20.0, 0.1, 0.1, '2021-06-08 20:00:56') LINE: 110 MODULE: log
INFO: 2021-07-07 12:41:10,108 COMMIT LINE: 110 MODULE: log
ERROR: 2021-07-07 12:58:18,079 Load data regex mismatch LINE: 117 MODULE: server_info
ERROR: 2021-07-07 23:06:23,686 Load data regex mismatch LINE: 117 MODULE: server_info
ERROR: 2021-07-08 14:37:25,706 Load data regex mismatch LINE: 117 MODULE: server_info
ERROR: 2021-07-08 14:38:53,025 Load data regex mismatch LINE: 117 MODULE: server_info
ERROR: 2021-07-08 14:39:57,635 Load data regex mismatch LINE: 117 MODULE: server_info
INFO: 2021-07-08 14:39:57,659 INSERT INTO environment (date, time, uptime_date, uptime_time, reboot_check, ambient_temperature, cpu_temperature, gpu_temperature, one_min_avg_load, five_min_avg_load, fifteen_min_avg_load, percent_memory_used, cpu_wait, cpu_idle, percent_of_swap_used, cpu_user_time, kernel_time, date_and_time) VALUES (?, ?, ?, ?, ?, ?, ?, ?, ?, ?, ?, ?, ?, ?, ?, ?, ?, ?) LINE: 110 MODULE: log
INFO: 2021-07-08 14:39:57,660 ('2021-06-08', '01:15:00', '2021-06-08', '01:00:00', 0, 99.0, 10.0, None, 1.0, 1.0, 1.0, 99, 1.0, 1.0, 1.0, 1.0, 1.0, '2021-06-08 01:15:00') LINE: 110 MODULE: log
INFO: 2021-07-08 14:39:57,668 COMMIT LINE: 110 MODULE: log
ERROR: 2021-07-08 15:38:02,403 Load data regex mismatch LINE: 117 MODULE: server_info
INFO: 2021-07-09 11:56:32,339 INSERT INTO environment (date, time, uptime_date, uptime_time, reboot_check, ambient_temperature, cpu_temperature, gpu_temperature, one_min_avg_load, five_min_avg_load, fifteen_min_avg_load, percent_memory_used, cpu_wait, cpu_idle, percent_of_swap_used, cpu_user_time, kernel_time, date_and_time) VALUES (?, ?, ?, ?, ?, ?, ?, ?, ?, ?, ?, ?, ?, ?, ?, ?, ?, ?) LINE: 110 MODULE: log
INFO: 2021-07-09 11:56:32,342 ('2021-06-08', '01:20:00', '2021-06-08', '01:00:00', 0, 99.0, 10.0, 100.0, 1.0, 1.0, 1.0, 99, 1.0, 1.0, 1.0, 1.0, 1.0, '2021-06-08 01:20:00') LINE: 110 MODULE: log
INFO: 2021-07-09 11:56:32,350 COMMIT LINE: 110 MODULE: log
INFO: 2021-07-09 12:12:32,799 INSERT INTO environment (date, time, uptime_date, uptime_time, reboot_check, ambient_temperature, cpu_temperature, gpu_temperature, one_min_avg_load, five_min_avg_load, fifteen_min_avg_load, percent_memory_used, cpu_wait, cpu_idle, percent_of_swap_used, cpu_user_time, kernel_time, date_and_time) VALUES (?, ?, ?, ?, ?, ?, ?, ?, ?, ?, ?, ?, ?, ?, ?, ?, ?, ?) LINE: 110 MODULE: log
INFO: 2021-07-09 12:12:32,802 ('2021-06-08', '01:25:00', '2021-06-08', '01:00:00', 0, 99.0, 10.0, 100.0, 1.0, 1.0, 1.0, 99, 1.0, 1.0, 1.0, 1.0, 1.0, '2021-06-08 01:25:00') LINE: 110 MODULE: log
INFO: 2021-07-09 12:12:32,805 COMMIT LINE: 110 MODULE: log
INFO: 2021-07-09 12:42:20,754 INSERT INTO environment (date, time, uptime_date, uptime_time, reboot_check, ambient_temperature, cpu_temperature, gpu_temperature, one_min_avg_load, five_min_avg_load, fifteen_min_avg_load, percent_memory_used, cpu_wait, cpu_idle, percent_of_swap_used, cpu_user_time, kernel_time, date_and_time) VALUES (?, ?, ?, ?, ?, ?, ?, ?, ?, ?, ?, ?, ?, ?, ?, ?, ?, ?) LINE: 110 MODULE: log
INFO: 2021-07-09 12:42:20,757 ('2021-06-08', '01:30:00', '2021-06-08', '01:00:00', 0, 99.0, 10.0, 100.0, 1.0, 1.0, 1.0, 99, 1.0, 1.0, 1.0, 1.0, 1.0, '2021-06-08 01:30:00') LINE: 110 MODULE: log
INFO: 2021-07-09 12:42:20,758 COMMIT LINE: 110 MODULE: log
INFO: 2021-07-09 13:06:41,218 INSERT INTO environment (date, time, uptime_date, uptime_time, reboot_check, ambient_temperature, cpu_temperature, gpu_temperature, one_min_avg_load, five_min_avg_load, fifteen_min_avg_load, percent_memory_used, cpu_wait, cpu_idle, percent_of_swap_used, cpu_user_time, kernel_time, date_and_time) VALUES (?, ?, ?, ?, ?, ?, ?, ?, ?, ?, ?, ?, ?, ?, ?, ?, ?, ?) LINE: 110 MODULE: log
INFO: 2021-07-09 13:06:41,223 ('2021-06-08', '01:35:00', '2021-06-08', '01:00:00', 0, 99.0, 10.0, 100.0, 1.0, 1.0, 1.0, 99, 1.0, 1.0, 1.0, 1.0, 1.0, '2021-06-08 01:35:00') LINE: 110 MODULE: log
INFO: 2021-07-09 13:06:41,236 COMMIT LINE: 110 MODULE: log
INFO: 2021-07-09 14:25:04,514 INSERT INTO environment (date, time, uptime_date, uptime_time, reboot_check, ambient_temperature, cpu_temperature, gpu_temperature, one_min_avg_load, five_min_avg_load, fifteen_min_avg_load, percent_memory_used, cpu_wait, cpu_idle, percent_of_swap_used, cpu_user_time, kernel_time, date_and_time) VALUES (?, ?, ?, ?, ?, ?, ?, ?, ?, ?, ?, ?, ?, ?, ?, ?, ?, ?) LINE: 110 MODULE: log
INFO: 2021-07-09 14:25:04,516 ('2021-06-08', '01:40:00', '2021-06-08', '01:00:00', 0, 99.0, 10.0, 100.0, 1.0, 1.0, 1.0, 99, 1.0, 1.0, 1.0, 1.0, 1.0, '2021-06-08 01:40:00') LINE: 110 MODULE: log
INFO: 2021-07-09 14:25:04,517 COMMIT LINE: 110 MODULE: log
INFO: 2021-07-09 14:29:07,544 INSERT INTO environment (date, time, uptime_date, uptime_time, reboot_check, ambient_temperature, cpu_temperature, gpu_temperature, one_min_avg_load, five_min_avg_load, fifteen_min_avg_load, percent_memory_used, cpu_wait, cpu_idle, percent_of_swap_used, cpu_user_time, kernel_time, date_and_time) VALUES (?, ?, ?, ?, ?, ?, ?, ?, ?, ?, ?, ?, ?, ?, ?, ?, ?, ?) LINE: 110 MODULE: log
INFO: 2021-07-09 14:29:07,547 ('2021-06-08', '01:45:00', '2021-06-08', '01:00:00', 0, 99.0, 10.0, 100.0, 1.0, 1.0, 1.0, 99, 1.0, 1.0, 1.0, 1.0, 1.0, '2021-06-08 01:45:00') LINE: 110 MODULE: log
INFO: 2021-07-09 14:29:07,549 COMMIT LINE: 110 MODULE: log
INFO: 2021-07-09 14:37:45,561 INSERT INTO environment (date, time, uptime_date, uptime_time, reboot_check, ambient_temperature, cpu_temperature, gpu_temperature, one_min_avg_load, five_min_avg_load, fifteen_min_avg_load, percent_memory_used, cpu_wait, cpu_idle, percent_of_swap_used, cpu_user_time, kernel_time, date_and_time) VALUES (?, ?, ?, ?, ?, ?, ?, ?, ?, ?, ?, ?, ?, ?, ?, ?, ?, ?) LINE: 110 MODULE: log
INFO: 2021-07-09 14:37:45,564 ('2021-06-08', '01:50:00', '2021-06-08', '01:00:00', 0, 99.0, 10.0, 600.0, 1.0, 1.0, 1.0, 99, 1.0, 1.0, 1.0, 1.0, 1.0, '2021-06-08 01:50:00') LINE: 110 MODULE: log
INFO: 2021-07-09 14:37:45,565 COMMIT LINE: 110 MODULE: log
INFO: 2021-07-09 21:49:21,661 INSERT INTO environment (date, time, uptime_date, uptime_time, reboot_check, ambient_temperature, cpu_temperature, gpu_temperature, one_min_avg_load, five_min_avg_load, fifteen_min_avg_load, percent_memory_used, cpu_wait, cpu_idle, percent_of_swap_used, cpu_user_time, kernel_time, date_and_time) VALUES (?, ?, ?, ?, ?, ?, ?, ?, ?, ?, ?, ?, ?, ?, ?, ?, ?, ?) LINE: 110 MODULE: log
INFO: 2021-07-09 21:49:21,664 ('2021-06-08', '01:55:00', '2021-06-08', '01:00:00', 0, 99.0, 10.0, 700.0, 1.0, 1.0, 1.0, 99, 1.0, 1.0, 1.0, 1.0, 1.0, '2021-06-08 01:55:00') LINE: 110 MODULE: log
INFO: 2021-07-09 21:49:21,672 COMMIT LINE: 110 MODULE: log
INFO: 2021-07-09 21:54:23,697 INSERT INTO environment (date, time, uptime_date, uptime_time, reboot_check, ambient_temperature, cpu_temperature, gpu_temperature, one_min_avg_load, five_min_avg_load, fifteen_min_avg_load, percent_memory_used, cpu_wait, cpu_idle, percent_of_swap_used, cpu_user_time, kernel_time, date_and_time) VALUES (?, ?, ?, ?, ?, ?, ?, ?, ?, ?, ?, ?, ?, ?, ?, ?, ?, ?) LINE: 110 MODULE: log
INFO: 2021-07-09 21:54:23,698 ('2021-06-08', '02:00:00', '2021-06-08', '01:00:00', 0, 99.0, 10.0, 800.0, 1.0, 1.0, 1.0, 99, 1.0, 1.0, 1.0, 1.0, 1.0, '2021-06-08 02:00:00') LINE: 110 MODULE: log
INFO: 2021-07-09 21:54:23,699 COMMIT LINE: 110 MODULE: log
INFO: 2021-07-09 22:16:39,727 INSERT INTO environment (date, time, uptime_date, uptime_time, reboot_check, ambient_temperature, cpu_temperature, gpu_temperature, one_min_avg_load, five_min_avg_load, fifteen_min_avg_load, percent_memory_used, cpu_wait, cpu_idle, percent_of_swap_used, cpu_user_time, kernel_time, date_and_time) VALUES (?, ?, ?, ?, ?, ?, ?, ?, ?, ?, ?, ?, ?, ?, ?, ?, ?, ?) LINE: 110 MODULE: log
INFO: 2021-07-09 22:16:39,730 ('2021-06-08', '02:05:00', '2021-06-08', '01:00:00', 0, 99.0, 10.0, 900.0, 1.0, 1.0, 1.0, 99, 1.0, 1.0, 1.0, 1.0, 1.0, '2021-06-08 02:05:00') LINE: 110 MODULE: log
INFO: 2021-07-09 22:16:39,731 COMMIT LINE: 110 MODULE: log
INFO: 2021-07-09 22:46:16,972 INSERT INTO environment (date, time, uptime_date, uptime_time, reboot_check, ambient_temperature, cpu_temperature, gpu_temperature, one_min_avg_load, five_min_avg_load, fifteen_min_avg_load, percent_memory_used, cpu_wait, cpu_idle, percent_of_swap_used, cpu_user_time, kernel_time, date_and_time) VALUES (?, ?, ?, ?, ?, ?, ?, ?, ?, ?, ?, ?, ?, ?, ?, ?, ?, ?) LINE: 110 MODULE: log
INFO: 2021-07-09 22:46:16,974 ('2021-06-08', '02:20:00', '2021-06-08', '01:00:00', 0, 99.0, 10.0, 910.0, 1.0, 1.0, 1.0, 99, 1.0, 1.0, 1.0, 1.0, 1.0, '2021-06-08 02:20:00') LINE: 110 MODULE: log
INFO: 2021-07-09 22:46:16,977 COMMIT LINE: 110 MODULE: log
INFO: 2021-07-09 22:48:30,881 INSERT INTO environment (date, time, uptime_date, uptime_time, reboot_check, ambient_temperature, cpu_temperature, gpu_temperature, one_min_avg_load, five_min_avg_load, fifteen_min_avg_load, percent_memory_used, cpu_wait, cpu_idle, percent_of_swap_used, cpu_user_time, kernel_time, date_and_time) VALUES (?, ?, ?, ?, ?, ?, ?, ?, ?, ?, ?, ?, ?, ?, ?, ?, ?, ?) LINE: 110 MODULE: log
INFO: 2021-07-09 22:48:30,884 ('2021-06-08', '02:35:00', '2021-06-08', '01:00:00', 0, 99.0, 10.0, 910.0, 1.0, 1.0, 1.0, 99, 1.0, 1.0, 1.0, 1.0, 1.0, '2021-06-08 02:35:00') LINE: 110 MODULE: log
INFO: 2021-07-09 22:48:30,885 COMMIT LINE: 110 MODULE: log
INFO: 2021-07-09 22:56:47,832 INSERT INTO environment (date, time, uptime_date, uptime_time, reboot_check, ambient_temperature, cpu_temperature, gpu_temperature, one_min_avg_load, five_min_avg_load, fifteen_min_avg_load, percent_memory_used, cpu_wait, cpu_idle, percent_of_swap_used, cpu_user_time, kernel_time, date_and_time) VALUES (?, ?, ?, ?, ?, ?, ?, ?, ?, ?, ?, ?, ?, ?, ?, ?, ?, ?) LINE: 110 MODULE: log
INFO: 2021-07-09 22:56:47,835 ('2021-06-08', '02:35:00', '2021-06-08', '01:00:00', 0, 99.0, 10.0, 910.0, 1.0, 1.0, 1.0, 99, 1.0, 1.0, 1.0, 1.0, 1.0, '2021-06-08 02:35:00') LINE: 110 MODULE: log
INFO: 2021-07-09 22:56:47,837 COMMIT LINE: 110 MODULE: log
INFO: 2021-07-12 15:43:20,147 INSERT INTO environment (date, time, uptime_date, uptime_time, reboot_check, ambient_temperature, cpu_temperature, gpu_temperature, one_min_avg_load, five_min_avg_load, fifteen_min_avg_load, percent_memory_used, cpu_wait, cpu_idle, percent_of_swap_used, cpu_user_time, kernel_time, date_and_time) VALUES (?, ?, ?, ?, ?, ?, ?, ?, ?, ?, ?, ?, ?, ?, ?, ?, ?, ?) LINE: 110 MODULE: log
INFO: 2021-07-12 15:43:20,150 ('2021-06-08', '02:35:00', '2021-06-08', '01:00:00', 0, 99.0, 10.0, 910.0, 1.0, 1.0, 1.0, 99, 1.0, 1.0, 1.0, 1.0, 1.0, '2021-06-08 02:35:00') LINE: 110 MODULE: log
INFO: 2021-07-12 15:43:20,152 COMMIT LINE: 110 MODULE: log
INFO: 2021-07-12 15:43:36,350 INSERT INTO environment (date, time, uptime_date, uptime_time, reboot_check, ambient_temperature, cpu_temperature, gpu_temperature, one_min_avg_load, five_min_avg_load, fifteen_min_avg_load, percent_memory_used, cpu_wait, cpu_idle, percent_of_swap_used, cpu_user_time, kernel_time, date_and_time) VALUES (?, ?, ?, ?, ?, ?, ?, ?, ?, ?, ?, ?, ?, ?, ?, ?, ?, ?) LINE: 110 MODULE: log
INFO: 2021-07-12 15:43:36,350 ('2021-06-08', '02:35:00', '2021-06-08', '01:00:00', 0, 99.0, 10.0, 910.0, 1.0, 1.0, 1.0, 99, 1.0, 1.0, 1.0, 1.0, 1.0, '2021-06-08 02:35:00') LINE: 110 MODULE: log
INFO: 2021-07-12 15:43:36,351 COMMIT LINE: 110 MODULE: log
INFO: 2021-07-12 15:43:38,628 INSERT INTO environment (date, time, uptime_date, uptime_time, reboot_check, ambient_temperature, cpu_temperature, gpu_temperature, one_min_avg_load, five_min_avg_load, fifteen_min_avg_load, percent_memory_used, cpu_wait, cpu_idle, percent_of_swap_used, cpu_user_time, kernel_time, date_and_time) VALUES (?, ?, ?, ?, ?, ?, ?, ?, ?, ?, ?, ?, ?, ?, ?, ?, ?, ?) LINE: 110 MODULE: log
INFO: 2021-07-12 15:43:38,628 ('2021-06-08', '02:35:00', '2021-06-08', '01:00:00', 0, 99.0, 10.0, 910.0, 1.0, 1.0, 1.0, 99, 1.0, 1.0, 1.0, 1.0, 1.0, '2021-06-08 02:35:00') LINE: 110 MODULE: log
INFO: 2021-07-12 15:43:38,629 COMMIT LINE: 110 MODULE: log
INFO: 2021-07-13 13:33:36,060 INSERT INTO environment (date, time, uptime_date, uptime_time, reboot_check, ambient_temperature, cpu_temperature, gpu_temperature, one_min_avg_load, five_min_avg_load, fifteen_min_avg_load, percent_memory_used, cpu_wait, cpu_idle, percent_of_swap_used, cpu_user_time, kernel_time, date_and_time) VALUES (?, ?, ?, ?, ?, ?, ?, ?, ?, ?, ?, ?, ?, ?, ?, ?, ?, ?) LINE: 110 MODULE: log
INFO: 2021-07-13 13:33:36,062 ('2021-06-08', '02:35:00', '2021-06-08', '01:00:00', 0, 99.0, 10.0, 910.0, 1.0, 1.0, 1.0, 99, 1.0, 1.0, 1.0, 1.0, 1.0, '2021-06-08 02:35:00') LINE: 110 MODULE: log
INFO: 2021-07-13 13:33:36,075 COMMIT LINE: 110 MODULE: log
ERROR: 2021-07-13 13:36:44,267 arm cpu reading error LINE: 95 MODULE: server_info
DEBUG: 2021-07-13 13:36:44,270 arm cpu reading error LINE: 96 MODULE: server_info
Traceback (most recent call last):
  File "/Users/matthewchadwell/server_environment/project_files/server_info.py", line 90, in return_cpu_temp
    temp = int(arm_cpu_reading)
ValueError: invalid literal for int() with base 10: ''
ERROR: 2021-07-13 13:36:59,829 arm cpu reading error LINE: 95 MODULE: server_info
DEBUG: 2021-07-13 13:36:59,830 arm cpu reading error LINE: 96 MODULE: server_info
Traceback (most recent call last):
  File "/Users/matthewchadwell/server_environment/project_files/server_info.py", line 90, in return_cpu_temp
    temp = int(arm_cpu_reading)
ValueError: invalid literal for int() with base 10: ''
INFO: 2021-07-13 13:36:59,847 INSERT INTO environment (date, time, uptime_date, uptime_time, reboot_check, ambient_temperature, cpu_temperature, gpu_temperature, one_min_avg_load, five_min_avg_load, fifteen_min_avg_load, percent_memory_used, cpu_wait, cpu_idle, percent_of_swap_used, cpu_user_time, kernel_time, date_and_time) VALUES (?, ?, ?, ?, ?, ?, ?, ?, ?, ?, ?, ?, ?, ?, ?, ?, ?, ?) LINE: 110 MODULE: log
INFO: 2021-07-13 13:36:59,847 ('2021-06-08', '02:35:00', '2021-06-08', '01:00:00', 0, 99.0, None, 910.0, 1.0, 1.0, 1.0, 99, 1.0, 1.0, 1.0, 1.0, 1.0, '2021-06-08 02:35:00') LINE: 110 MODULE: log
INFO: 2021-07-13 13:36:59,849 COMMIT LINE: 110 MODULE: log
ERROR: 2021-07-14 12:40:22,475 arm cpu reading error LINE: 95 MODULE: server_info
DEBUG: 2021-07-14 12:40:22,478 arm cpu reading error LINE: 96 MODULE: server_info
Traceback (most recent call last):
  File "/Users/matthewchadwell/server_environment/project_files/server_info.py", line 90, in return_cpu_temp
    temp = int(arm_cpu_reading)
ValueError: invalid literal for int() with base 10: ''
ERROR: 2021-07-14 12:43:41,274 arm cpu reading error LINE: 95 MODULE: server_info
DEBUG: 2021-07-14 12:43:41,274 arm cpu reading error LINE: 96 MODULE: server_info
Traceback (most recent call last):
  File "/Users/matthewchadwell/server_environment/project_files/server_info.py", line 90, in return_cpu_temp
    temp = int(arm_cpu_reading)
ValueError: invalid literal for int() with base 10: ''
ERROR: 2021-07-14 12:45:12,715 arm cpu reading error LINE: 95 MODULE: server_info
DEBUG: 2021-07-14 12:45:12,715 arm cpu reading error LINE: 96 MODULE: server_info
Traceback (most recent call last):
  File "/Users/matthewchadwell/server_environment/project_files/server_info.py", line 90, in return_cpu_temp
    temp = int(arm_cpu_reading)
ValueError: invalid literal for int() with base 10: ''
ERROR: 2021-07-14 12:45:50,437 arm cpu reading error LINE: 95 MODULE: server_info
DEBUG: 2021-07-14 12:45:50,437 arm cpu reading error LINE: 96 MODULE: server_info
Traceback (most recent call last):
  File "/Users/matthewchadwell/server_environment/project_files/server_info.py", line 90, in return_cpu_temp
    temp = int(arm_cpu_reading)
ValueError: invalid literal for int() with base 10: ''
ERROR: 2021-07-14 12:46:55,214 arm cpu reading error LINE: 95 MODULE: server_info
DEBUG: 2021-07-14 12:46:55,214 arm cpu reading error LINE: 96 MODULE: server_info
Traceback (most recent call last):
  File "/Users/matthewchadwell/server_environment/project_files/server_info.py", line 90, in return_cpu_temp
    temp = int(arm_cpu_reading)
ValueError: invalid literal for int() with base 10: ''
ERROR: 2021-07-14 12:48:12,498 arm cpu reading error LINE: 95 MODULE: server_info
DEBUG: 2021-07-14 12:48:12,500 arm cpu reading error LINE: 96 MODULE: server_info
Traceback (most recent call last):
  File "/Users/matthewchadwell/server_environment/project_files/server_info.py", line 90, in return_cpu_temp
    temp = int(arm_cpu_reading)
ValueError: invalid literal for int() with base 10: ''
ERROR: 2021-07-14 12:48:32,522 arm cpu reading error LINE: 95 MODULE: server_info
DEBUG: 2021-07-14 12:48:32,524 arm cpu reading error LINE: 96 MODULE: server_info
Traceback (most recent call last):
  File "/Users/matthewchadwell/server_environment/project_files/server_info.py", line 90, in return_cpu_temp
    temp = int(arm_cpu_reading)
ValueError: invalid literal for int() with base 10: ''
INFO: 2021-07-14 12:48:32,551 INSERT INTO environment (date, time, uptime_date, uptime_time, reboot_check, ambient_temperature, cpu_temperature, gpu_temperature, one_min_avg_load, five_min_avg_load, fifteen_min_avg_load, percent_memory_used, cpu_wait, cpu_idle, percent_of_swap_used, cpu_user_time, kernel_time, date_and_time) VALUES (?, ?, ?, ?, ?, ?, ?, ?, ?, ?, ?, ?, ?, ?, ?, ?, ?, ?) LINE: 110 MODULE: log
INFO: 2021-07-14 12:48:32,552 ('2021-06-08', '02:35:00', '2021-06-08', '02:34:00', 1, 99.0, None, 910.0, 1.0, 1.0, 1.0, 99, 1.0, 1.0, 1.0, 1.0, 1.0, '2021-06-08 02:35:00') LINE: 110 MODULE: log
INFO: 2021-07-14 12:48:32,564 COMMIT LINE: 110 MODULE: log
ERROR: 2021-07-14 14:03:51,320 arm cpu reading error LINE: 95 MODULE: server_info
DEBUG: 2021-07-14 14:03:51,324 arm cpu reading error LINE: 96 MODULE: server_info
Traceback (most recent call last):
  File "/Users/matthewchadwell/server_environment/project_files/server_info.py", line 90, in return_cpu_temp
    temp = int(arm_cpu_reading)
ValueError: invalid literal for int() with base 10: ''
ERROR: 2021-07-23 12:36:10,412 arm cpu reading error LINE: 95 MODULE: server_info
DEBUG: 2021-07-23 12:36:10,415 arm cpu reading error LINE: 96 MODULE: server_info
Traceback (most recent call last):
  File "/Users/matthewchadwell/server_environment/project_files/server_info.py", line 90, in return_cpu_temp
    temp = int(arm_cpu_reading)
ValueError: invalid literal for int() with base 10: ''
ERROR: 2021-07-23 12:36:45,260 arm cpu reading error LINE: 95 MODULE: server_info
DEBUG: 2021-07-23 12:36:45,262 arm cpu reading error LINE: 96 MODULE: server_info
Traceback (most recent call last):
  File "/Users/matthewchadwell/server_environment/project_files/server_info.py", line 90, in return_cpu_temp
    temp = int(arm_cpu_reading)
ValueError: invalid literal for int() with base 10: ''
ERROR: 2021-07-23 12:36:59,469 arm cpu reading error LINE: 95 MODULE: server_info
DEBUG: 2021-07-23 12:36:59,469 arm cpu reading error LINE: 96 MODULE: server_info
Traceback (most recent call last):
  File "/Users/matthewchadwell/server_environment/project_files/server_info.py", line 90, in return_cpu_temp
    temp = int(arm_cpu_reading)
ValueError: invalid literal for int() with base 10: ''
ERROR: 2021-07-23 12:37:20,865 arm cpu reading error LINE: 95 MODULE: server_info
DEBUG: 2021-07-23 12:37:20,865 arm cpu reading error LINE: 96 MODULE: server_info
Traceback (most recent call last):
  File "/Users/matthewchadwell/server_environment/project_files/server_info.py", line 90, in return_cpu_temp
    temp = int(arm_cpu_reading)
ValueError: invalid literal for int() with base 10: ''
INFO: 2021-07-23 12:37:20,888 INSERT INTO environment (date, time, uptime_date, uptime_time, reboot_check, ambient_temperature, cpu_temperature, gpu_temperature, one_min_avg_load, five_min_avg_load, fifteen_min_avg_load, percent_memory_used, cpu_wait, cpu_idle, percent_of_swap_used, cpu_user_time, kernel_time, date_and_time) VALUES (?, ?, ?, ?, ?, ?, ?, ?, ?, ?, ?, ?, ?, ?, ?, ?, ?, ?) LINE: 110 MODULE: log
INFO: 2021-07-23 12:37:20,889 ('2021-06-08', '02:35:00', '2021-06-08', '02:34:00', 1, 99.0, None, 910.0, 1.0, 1.0, 1.0, 99, 1.0, 1.0, 1.0, 1.0, 1.0, '2021-06-08 02:35:00') LINE: 110 MODULE: log
INFO: 2021-07-23 12:37:20,892 COMMIT LINE: 110 MODULE: log
ERROR: 2021-07-23 13:20:43,804 arm cpu reading error LINE: 95 MODULE: server_info
DEBUG: 2021-07-23 13:20:43,807 arm cpu reading error LINE: 96 MODULE: server_info
Traceback (most recent call last):
  File "/Users/matthewchadwell/server_environment/project_files/server_info.py", line 90, in return_cpu_temp
    temp = int(arm_cpu_reading)
ValueError: invalid literal for int() with base 10: ''
ERROR: 2021-07-23 13:20:56,034 arm cpu reading error LINE: 95 MODULE: server_info
DEBUG: 2021-07-23 13:20:56,037 arm cpu reading error LINE: 96 MODULE: server_info
Traceback (most recent call last):
  File "/Users/matthewchadwell/server_environment/project_files/server_info.py", line 90, in return_cpu_temp
    temp = int(arm_cpu_reading)
ValueError: invalid literal for int() with base 10: ''
INFO: 2021-07-23 13:20:56,059 INSERT INTO environment (date, time, uptime_date, uptime_time, reboot_check, ambient_temperature, cpu_temperature, gpu_temperature, one_min_avg_load, five_min_avg_load, fifteen_min_avg_load, percent_memory_used, cpu_wait, cpu_idle, percent_of_swap_used, cpu_user_time, kernel_time, date_and_time) VALUES (?, ?, ?, ?, ?, ?, ?, ?, ?, ?, ?, ?, ?, ?, ?, ?, ?, ?) LINE: 110 MODULE: log
INFO: 2021-07-23 13:20:56,060 ('2021-06-08', '01:05:00', '2021-06-08', '00:55:00', 0, 99.0, None, 100.0, 2.0, 1.0, 5.0, 99, 1.0, 1.0, 1.0, 1.0, 1.0, '2021-06-08 01:05:00') LINE: 110 MODULE: log
INFO: 2021-07-23 13:20:56,061 COMMIT LINE: 110 MODULE: log
ERROR: 2021-07-23 13:27:54,501 arm cpu reading error LINE: 95 MODULE: server_info
DEBUG: 2021-07-23 13:27:54,504 arm cpu reading error LINE: 96 MODULE: server_info
Traceback (most recent call last):
  File "/Users/matthewchadwell/server_environment/project_files/server_info.py", line 90, in return_cpu_temp
    temp = int(arm_cpu_reading)
ValueError: invalid literal for int() with base 10: ''
ERROR: 2021-07-23 13:28:54,328 arm cpu reading error LINE: 95 MODULE: server_info
DEBUG: 2021-07-23 13:28:54,328 arm cpu reading error LINE: 96 MODULE: server_info
Traceback (most recent call last):
  File "/Users/matthewchadwell/server_environment/project_files/server_info.py", line 90, in return_cpu_temp
    temp = int(arm_cpu_reading)
ValueError: invalid literal for int() with base 10: ''
INFO: 2021-07-23 13:28:54,357 INSERT INTO environment (date, time, uptime_date, uptime_time, reboot_check, ambient_temperature, cpu_temperature, gpu_temperature, one_min_avg_load, five_min_avg_load, fifteen_min_avg_load, percent_memory_used, cpu_wait, cpu_idle, percent_of_swap_used, cpu_user_time, kernel_time, date_and_time) VALUES (?, ?, ?, ?, ?, ?, ?, ?, ?, ?, ?, ?, ?, ?, ?, ?, ?, ?) LINE: 110 MODULE: log
INFO: 2021-07-23 13:28:54,357 ('2021-06-08', '01:10:00', '2021-06-08', '00:55:00', 0, 99.0, None, 100.0, 2.0, 1.0, 5.0, 99, 1.0, 1.0, 1.0, 1.0, 1.0, '2021-06-08 01:10:00') LINE: 110 MODULE: log
INFO: 2021-07-23 13:28:54,359 COMMIT LINE: 110 MODULE: log
ERROR: 2021-07-23 13:30:17,029 arm cpu reading error LINE: 95 MODULE: server_info
DEBUG: 2021-07-23 13:30:17,032 arm cpu reading error LINE: 96 MODULE: server_info
Traceback (most recent call last):
  File "/Users/matthewchadwell/server_environment/project_files/server_info.py", line 90, in return_cpu_temp
    temp = int(arm_cpu_reading)
ValueError: invalid literal for int() with base 10: ''
ERROR: 2021-07-23 13:36:24,859 arm cpu reading error LINE: 95 MODULE: server_info
DEBUG: 2021-07-23 13:36:24,862 arm cpu reading error LINE: 96 MODULE: server_info
Traceback (most recent call last):
  File "/Users/matthewchadwell/server_environment/project_files/server_info.py", line 90, in return_cpu_temp
    temp = int(arm_cpu_reading)
ValueError: invalid literal for int() with base 10: ''
ERROR: 2021-07-23 13:36:38,504 arm cpu reading error LINE: 95 MODULE: server_info
DEBUG: 2021-07-23 13:36:38,504 arm cpu reading error LINE: 96 MODULE: server_info
Traceback (most recent call last):
  File "/Users/matthewchadwell/server_environment/project_files/server_info.py", line 90, in return_cpu_temp
    temp = int(arm_cpu_reading)
ValueError: invalid literal for int() with base 10: ''
ERROR: 2021-07-23 13:37:08,281 arm cpu reading error LINE: 95 MODULE: server_info
DEBUG: 2021-07-23 13:37:08,281 arm cpu reading error LINE: 96 MODULE: server_info
Traceback (most recent call last):
  File "/Users/matthewchadwell/server_environment/project_files/server_info.py", line 90, in return_cpu_temp
    temp = int(arm_cpu_reading)
ValueError: invalid literal for int() with base 10: ''
INFO: 2021-07-23 13:37:08,300 INSERT INTO environment (date, time, uptime_date, uptime_time, reboot_check, ambient_temperature, cpu_temperature, gpu_temperature, one_min_avg_load, five_min_avg_load, fifteen_min_avg_load, percent_memory_used, cpu_wait, cpu_idle, percent_of_swap_used, cpu_user_time, kernel_time, date_and_time) VALUES (?, ?, ?, ?, ?, ?, ?, ?, ?, ?, ?, ?, ?, ?, ?, ?, ?, ?) LINE: 110 MODULE: log
INFO: 2021-07-23 13:37:08,300 ('2021-06-08', '01:15:00', '2021-06-08', '00:55:00', 0, 99.0, None, 100.0, 2.0, 1.0, 5.0, 99, 1.0, 1.0, 1.0, 1.0, 1.0, '2021-06-08 01:15:00') LINE: 110 MODULE: log
INFO: 2021-07-23 13:37:08,307 COMMIT LINE: 110 MODULE: log
ERROR: 2021-07-23 13:42:06,076 arm cpu reading error LINE: 95 MODULE: server_info
DEBUG: 2021-07-23 13:42:06,078 arm cpu reading error LINE: 96 MODULE: server_info
Traceback (most recent call last):
  File "/Users/matthewchadwell/server_environment/project_files/server_info.py", line 90, in return_cpu_temp
    temp = int(arm_cpu_reading)
ValueError: invalid literal for int() with base 10: ''
ERROR: 2021-07-23 13:48:33,596 arm cpu reading error LINE: 95 MODULE: server_info
DEBUG: 2021-07-23 13:48:33,600 arm cpu reading error LINE: 96 MODULE: server_info
Traceback (most recent call last):
  File "/Users/matthewchadwell/server_environment/project_files/server_info.py", line 90, in return_cpu_temp
    temp = int(arm_cpu_reading)
ValueError: invalid literal for int() with base 10: ''
ERROR: 2021-07-23 13:55:50,238 arm cpu reading error LINE: 95 MODULE: server_info
DEBUG: 2021-07-23 13:55:50,241 arm cpu reading error LINE: 96 MODULE: server_info
Traceback (most recent call last):
  File "/Users/matthewchadwell/server_environment/project_files/server_info.py", line 90, in return_cpu_temp
    temp = int(arm_cpu_reading)
ValueError: invalid literal for int() with base 10: ''
ERROR: 2021-07-23 13:55:51,358 arm cpu reading error LINE: 95 MODULE: server_info
DEBUG: 2021-07-23 13:55:51,358 arm cpu reading error LINE: 96 MODULE: server_info
Traceback (most recent call last):
  File "/Users/matthewchadwell/server_environment/project_files/server_info.py", line 90, in return_cpu_temp
    temp = int(arm_cpu_reading)
ValueError: invalid literal for int() with base 10: ''
ERROR: 2021-07-23 13:55:53,454 arm cpu reading error LINE: 95 MODULE: server_info
DEBUG: 2021-07-23 13:55:53,455 arm cpu reading error LINE: 96 MODULE: server_info
Traceback (most recent call last):
  File "/Users/matthewchadwell/server_environment/project_files/server_info.py", line 90, in return_cpu_temp
    temp = int(arm_cpu_reading)
ValueError: invalid literal for int() with base 10: ''
INFO: 2021-07-23 13:55:53,477 INSERT INTO environment (date, time, uptime_date, uptime_time, reboot_check, ambient_temperature, cpu_temperature, gpu_temperature, one_min_avg_load, five_min_avg_load, fifteen_min_avg_load, percent_memory_used, cpu_wait, cpu_idle, percent_of_swap_used, cpu_user_time, kernel_time, date_and_time) VALUES (?, ?, ?, ?, ?, ?, NULL, ?, ?, ?, ?, ?, ?, ?, ?, ?, ?, ?) LINE: 117 MODULE: log
INFO: 2021-07-23 13:55:53,478 [generated in 0.00074s] ('2021-06-08', '01:25:00', '2021-06-08', '00:55:00', 0, 99.0, 100.0, 2.0, 1.0, 5.0, 99, 1.0, 1.0, 1.0, 1.0, 1.0, '2021-06-08 01:25:00') LINE: 117 MODULE: log
INFO: 2021-07-23 13:55:53,479 COMMIT LINE: 117 MODULE: log
ERROR: 2021-07-23 14:02:58,751 arm cpu reading error LINE: 95 MODULE: server_info
DEBUG: 2021-07-23 14:02:58,755 arm cpu reading error LINE: 96 MODULE: server_info
Traceback (most recent call last):
  File "/Users/matthewchadwell/server_environment/project_files/server_info.py", line 90, in return_cpu_temp
    temp = int(arm_cpu_reading)
ValueError: invalid literal for int() with base 10: ''
ERROR: 2021-07-23 14:02:59,878 arm cpu reading error LINE: 95 MODULE: server_info
DEBUG: 2021-07-23 14:02:59,878 arm cpu reading error LINE: 96 MODULE: server_info
Traceback (most recent call last):
  File "/Users/matthewchadwell/server_environment/project_files/server_info.py", line 90, in return_cpu_temp
    temp = int(arm_cpu_reading)
ValueError: invalid literal for int() with base 10: ''
ERROR: 2021-07-23 14:03:01,900 arm cpu reading error LINE: 95 MODULE: server_info
DEBUG: 2021-07-23 14:03:01,900 arm cpu reading error LINE: 96 MODULE: server_info
Traceback (most recent call last):
  File "/Users/matthewchadwell/server_environment/project_files/server_info.py", line 90, in return_cpu_temp
    temp = int(arm_cpu_reading)
ValueError: invalid literal for int() with base 10: ''
INFO: 2021-07-23 14:03:01,921 INSERT INTO environment (date, time, uptime_date, uptime_time, reboot_check, ambient_temperature, cpu_temperature, gpu_temperature, one_min_avg_load, five_min_avg_load, fifteen_min_avg_load, percent_memory_used, cpu_wait, cpu_idle, percent_of_swap_used, cpu_user_time, kernel_time, date_and_time) VALUES (?, ?, ?, ?, ?, ?, NULL, ?, ?, ?, ?, ?, ?, ?, ?, ?, ?, ?) LINE: 117 MODULE: log
INFO: 2021-07-23 14:03:01,922 [generated in 0.00073s] ('2021-06-08', '01:30:00', '2021-06-08', '00:55:00', 0, 99.0, 100.0, 2.0, 1.0, 5.0, 99, 1.0, 1.0, 1.0, 1.0, 1.0, '2021-06-08 01:30:00') LINE: 117 MODULE: log
INFO: 2021-07-23 14:03:01,923 COMMIT LINE: 117 MODULE: log
